# JRE version: OpenJDK Runtime Environment Temurin-17.0.10+7 (17.0.10+7) (build 17.0.10+7)
# Java VM: OpenJDK 64-Bit Server VM Temurin-17.0.10+7 (17.0.10+7, mixed mode, tiered, compressed oops, compressed class ptrs, parallel gc, windows-amd64)
GC Precious Log:
 CPUs: 8 total, 8 available
 Memory: 7859M
 Large Page Support: Disabled
 NUMA Support: Disabled
 Compressed Oops: Enabled (32-bit)
 Alignments: Space 512K, Generation 512K, Heap 2M
 Heap Min Capacity: 100M
 Heap Initial Capacity: 100M
 Heap Max Capacity: 2G
 Pre-touch: Disabled
 Parallel Workers: 8
Heap:
 PSYoungGen      total 13312K, used 8822K [0x00000000d5580000, 0x00000000d6780000, 0x0000000100000000)
  eden space 11264K, 61% used [0x00000000d5580000,0x00000000d5c49888,0x00000000d6080000)
  from space 2048K, 91% used [0x00000000d6580000,0x00000000d6754030,0x00000000d6780000)
  to   space 2560K, 0% used [0x00000000d6280000,0x00000000d6280000,0x00000000d6500000)
 ParOldGen       total 112128K, used 81569K [0x0000000080000000, 0x0000000086d80000, 0x00000000d5580000)
  object space 112128K, 72% used [0x0000000080000000,0x0000000084fa8638,0x0000000086d80000)
 Metaspace       used 70458K, committed 71616K, reserved 1114112K
  class space    used 7391K, committed 7872K, reserved 1048576K
GC Heap History (20 events):
Event: 12.620 GC heap before
{Heap before GC invocations=44 (full 5):
 PSYoungGen      total 13824K, used 13664K [0x00000000d5580000, 0x00000000d6e80000, 0x0000000100000000)
  eden space 10240K, 100% used [0x00000000d5580000,0x00000000d5f80000,0x00000000d5f80000)
  from space 3584K, 95% used [0x00000000d6b00000,0x00000000d6e58000,0x00000000d6e80000)
  to   space 6144K, 0% used [0x00000000d6280000,0x00000000d6280000,0x00000000d6880000)
 ParOldGen       total 98816K, used 64375K [0x0000000080000000, 0x0000000086080000, 0x00000000d5580000)
  object space 98816K, 65% used [0x0000000080000000,0x0000000083eddc10,0x0000000086080000)
 Metaspace       used 68838K, committed 70016K, reserved 1114112K
  class space    used 7258K, committed 7744K, reserved 1048576K
}
Event: 12.627 GC heap after
{Heap after GC invocations=44 (full 5):
 PSYoungGen      total 16384K, used 6144K [0x00000000d5580000, 0x00000000d7280000, 0x0000000100000000)
  eden space 10240K, 0% used [0x00000000d5580000,0x00000000d5580000,0x00000000d5f80000)
  from space 6144K, 100% used [0x00000000d6280000,0x00000000d6880000,0x00000000d6880000)
  to   space 9728K, 0% used [0x00000000d6900000,0x00000000d6900000,0x00000000d7280000)
 ParOldGen       total 98816K, used 66647K [0x0000000080000000, 0x0000000086080000, 0x00000000d5580000)
  object space 98816K, 67% used [0x0000000080000000,0x0000000084115c10,0x0000000086080000)
 Metaspace       used 68838K, committed 70016K, reserved 1114112K
  class space    used 7258K, committed 7744K, reserved 1048576K
}
Event: 12.729 GC heap before
{Heap before GC invocations=45 (full 5):
 PSYoungGen      total 16384K, used 16384K [0x00000000d5580000, 0x00000000d7280000, 0x0000000100000000)
  eden space 10240K, 100% used [0x00000000d5580000,0x00000000d5f80000,0x00000000d5f80000)
  from space 6144K, 100% used [0x00000000d6280000,0x00000000d6880000,0x00000000d6880000)
  to   space 9728K, 0% used [0x00000000d6900000,0x00000000d6900000,0x00000000d7280000)
 ParOldGen       total 98816K, used 66647K [0x0000000080000000, 0x0000000086080000, 0x00000000d5580000)
  object space 98816K, 67% used [0x0000000080000000,0x0000000084115c10,0x0000000086080000)
 Metaspace       used 68908K, committed 70080K, reserved 1114112K
  class space    used 7266K, committed 7744K, reserved 1048576K
}
Event: 12.737 GC heap after
{Heap after GC invocations=45 (full 5):
 PSYoungGen      total 17408K, used 6915K [0x00000000d5580000, 0x00000000d7000000, 0x0000000100000000)
  eden space 10240K, 0% used [0x00000000d5580000,0x00000000d5580000,0x00000000d5f80000)
  from space 7168K, 96% used [0x00000000d6900000,0x00000000d6fc0df8,0x00000000d7000000)
  to   space 7680K, 0% used [0x00000000d6100000,0x00000000d6100000,0x00000000d6880000)
 ParOldGen       total 98816K, used 72792K [0x0000000080000000, 0x0000000086080000, 0x00000000d5580000)
  object space 98816K, 73% used [0x0000000080000000,0x00000000847162d8,0x0000000086080000)
 Metaspace       used 68908K, committed 70080K, reserved 1114112K
  class space    used 7266K, committed 7744K, reserved 1048576K
}
Event: 12.838 GC heap before
{Heap before GC invocations=46 (full 5):
 PSYoungGen      total 17408K, used 17155K [0x00000000d5580000, 0x00000000d7000000, 0x0000000100000000)
  eden space 10240K, 100% used [0x00000000d5580000,0x00000000d5f80000,0x00000000d5f80000)
  from space 7168K, 96% used [0x00000000d6900000,0x00000000d6fc0df8,0x00000000d7000000)
  to   space 7680K, 0% used [0x00000000d6100000,0x00000000d6100000,0x00000000d6880000)
 ParOldGen       total 98816K, used 72792K [0x0000000080000000, 0x0000000086080000, 0x00000000d5580000)
  object space 98816K, 73% used [0x0000000080000000,0x00000000847162d8,0x0000000086080000)
 Metaspace       used 69034K, committed 70272K, reserved 1114112K
  class space    used 7278K, committed 7808K, reserved 1048576K
}
Event: 12.846 GC heap after
{Heap after GC invocations=46 (full 5):
 PSYoungGen      total 17920K, used 7672K [0x00000000d5580000, 0x00000000d7b80000, 0x0000000100000000)
  eden space 10240K, 0% used [0x00000000d5580000,0x00000000d5580000,0x00000000d5f80000)
  from space 7680K, 99% used [0x00000000d6100000,0x00000000d687e2c0,0x00000000d6880000)
  to   space 14336K, 0% used [0x00000000d6d80000,0x00000000d6d80000,0x00000000d7b80000)
 ParOldGen       total 98816K, used 78096K [0x0000000080000000, 0x0000000086080000, 0x00000000d5580000)
  object space 98816K, 79% used [0x0000000080000000,0x0000000084c442d8,0x0000000086080000)
 Metaspace       used 69034K, committed 70272K, reserved 1114112K
  class space    used 7278K, committed 7808K, reserved 1048576K
}
Event: 12.963 GC heap before
{Heap before GC invocations=47 (full 5):
 PSYoungGen      total 17920K, used 17912K [0x00000000d5580000, 0x00000000d7b80000, 0x0000000100000000)
  eden space 10240K, 100% used [0x00000000d5580000,0x00000000d5f80000,0x00000000d5f80000)
  from space 7680K, 99% used [0x00000000d6100000,0x00000000d687e2c0,0x00000000d6880000)
  to   space 14336K, 0% used [0x00000000d6d80000,0x00000000d6d80000,0x00000000d7b80000)
 ParOldGen       total 98816K, used 78096K [0x0000000080000000, 0x0000000086080000, 0x00000000d5580000)
  object space 98816K, 79% used [0x0000000080000000,0x0000000084c442d8,0x0000000086080000)
 Metaspace       used 69224K, committed 70400K, reserved 1114112K
  class space    used 7299K, committed 7808K, reserved 1048576K
}
Event: 12.972 GC heap after
{Heap after GC invocations=47 (full 5):
 PSYoungGen      total 14848K, used 4352K [0x00000000d5580000, 0x00000000d7200000, 0x0000000100000000)
  eden space 10240K, 0% used [0x00000000d5580000,0x00000000d5580000,0x00000000d5f80000)
  from space 4608K, 94% used [0x00000000d6d80000,0x00000000d71c0060,0x00000000d7200000)
  to   space 7680K, 0% used [0x00000000d6300000,0x00000000d6300000,0x00000000d6a80000)
 ParOldGen       total 98816K, used 85766K [0x0000000080000000, 0x0000000086080000, 0x00000000d5580000)
  object space 98816K, 86% used [0x0000000080000000,0x00000000853c1988,0x0000000086080000)
 Metaspace       used 69224K, committed 70400K, reserved 1114112K
  class space    used 7299K, committed 7808K, reserved 1048576K
}
Event: 13.010 GC heap before
{Heap before GC invocations=48 (full 5):
 PSYoungGen      total 14848K, used 14592K [0x00000000d5580000, 0x00000000d7200000, 0x0000000100000000)
  eden space 10240K, 100% used [0x00000000d5580000,0x00000000d5f80000,0x00000000d5f80000)
  from space 4608K, 94% used [0x00000000d6d80000,0x00000000d71c0060,0x00000000d7200000)
  to   space 7680K, 0% used [0x00000000d6300000,0x00000000d6300000,0x00000000d6a80000)
 ParOldGen       total 98816K, used 85766K [0x0000000080000000, 0x0000000086080000, 0x00000000d5580000)
  object space 98816K, 86% used [0x0000000080000000,0x00000000853c1988,0x0000000086080000)
 Metaspace       used 69267K, committed 70400K, reserved 1114112K
  class space    used 7299K, committed 7808K, reserved 1048576K
}
Event: 13.017 GC heap after
{Heap after GC invocations=48 (full 5):
 PSYoungGen      total 18944K, used 7664K [0x00000000d5580000, 0x00000000d7580000, 0x0000000100000000)
  eden space 11264K, 0% used [0x00000000d5580000,0x00000000d5580000,0x00000000d6080000)
  from space 7680K, 99% used [0x00000000d6300000,0x00000000d6a7c070,0x00000000d6a80000)
  to   space 10752K, 0% used [0x00000000d6b00000,0x00000000d6b00000,0x00000000d7580000)
 ParOldGen       total 98816K, used 87838K [0x0000000080000000, 0x0000000086080000, 0x00000000d5580000)
  object space 98816K, 88% used [0x0000000080000000,0x00000000855c7998,0x0000000086080000)
 Metaspace       used 69267K, committed 70400K, reserved 1114112K
  class space    used 7299K, committed 7808K, reserved 1048576K
}
Event: 17.451 GC heap before
{Heap before GC invocations=49 (full 5):
 PSYoungGen      total 18944K, used 18913K [0x00000000d5580000, 0x00000000d7580000, 0x0000000100000000)
  eden space 11264K, 99% used [0x00000000d5580000,0x00000000d607c3b8,0x00000000d6080000)
  from space 7680K, 99% used [0x00000000d6300000,0x00000000d6a7c070,0x00000000d6a80000)
  to   space 10752K, 0% used [0x00000000d6b00000,0x00000000d6b00000,0x00000000d7580000)
 ParOldGen       total 98816K, used 87838K [0x0000000080000000, 0x0000000086080000, 0x00000000d5580000)
  object space 98816K, 88% used [0x0000000080000000,0x00000000855c7998,0x0000000086080000)
 Metaspace       used 69707K, committed 70912K, reserved 1114112K
  class space    used 7317K, committed 7808K, reserved 1048576K
}
Event: 17.457 GC heap after
{Heap after GC invocations=49 (full 5):
 PSYoungGen      total 11776K, used 480K [0x00000000d5580000, 0x00000000d6b80000, 0x0000000100000000)
  eden space 11264K, 0% used [0x00000000d5580000,0x00000000d5580000,0x00000000d6080000)
  from space 512K, 93% used [0x00000000d6b00000,0x00000000d6b78020,0x00000000d6b80000)
  to   space 4096K, 0% used [0x00000000d6380000,0x00000000d6380000,0x00000000d6780000)
 ParOldGen       total 98816K, used 94902K [0x0000000080000000, 0x0000000086080000, 0x00000000d5580000)
  object space 98816K, 96% used [0x0000000080000000,0x0000000085cad9d8,0x0000000086080000)
 Metaspace       used 69707K, committed 70912K, reserved 1114112K
  class space    used 7317K, committed 7808K, reserved 1048576K
}
Event: 17.457 GC heap before
{Heap before GC invocations=50 (full 6):
 PSYoungGen      total 11776K, used 480K [0x00000000d5580000, 0x00000000d6b80000, 0x0000000100000000)
  eden space 11264K, 0% used [0x00000000d5580000,0x00000000d5580000,0x00000000d6080000)
  from space 512K, 93% used [0x00000000d6b00000,0x00000000d6b78020,0x00000000d6b80000)
  to   space 4096K, 0% used [0x00000000d6380000,0x00000000d6380000,0x00000000d6780000)
 ParOldGen       total 98816K, used 94902K [0x0000000080000000, 0x0000000086080000, 0x00000000d5580000)
  object space 98816K, 96% used [0x0000000080000000,0x0000000085cad9d8,0x0000000086080000)
 Metaspace       used 69707K, committed 70912K, reserved 1114112K
  class space    used 7317K, committed 7808K, reserved 1048576K
}
Event: 17.529 GC heap after
{Heap after GC invocations=50 (full 6):
 PSYoungGen      total 15360K, used 0K [0x00000000d5580000, 0x00000000d6b80000, 0x0000000100000000)
  eden space 11264K, 0% used [0x00000000d5580000,0x00000000d5580000,0x00000000d6080000)
  from space 4096K, 0% used [0x00000000d6380000,0x00000000d6380000,0x00000000d6780000)
  to   space 4096K, 0% used [0x00000000d6780000,0x00000000d6780000,0x00000000d6b80000)
 ParOldGen       total 112128K, used 80006K [0x0000000080000000, 0x0000000086d80000, 0x00000000d5580000)
  object space 112128K, 71% used [0x0000000080000000,0x0000000084e218f0,0x0000000086d80000)
 Metaspace       used 69707K, committed 70912K, reserved 1114112K
  class space    used 7317K, committed 7808K, reserved 1048576K
}
Event: 17.884 GC heap before
{Heap before GC invocations=51 (full 6):
 PSYoungGen      total 15360K, used 11264K [0x00000000d5580000, 0x00000000d6b80000, 0x0000000100000000)
  eden space 11264K, 100% used [0x00000000d5580000,0x00000000d6080000,0x00000000d6080000)
  from space 4096K, 0% used [0x00000000d6380000,0x00000000d6380000,0x00000000d6780000)
  to   space 4096K, 0% used [0x00000000d6780000,0x00000000d6780000,0x00000000d6b80000)
 ParOldGen       total 112128K, used 80006K [0x0000000080000000, 0x0000000086d80000, 0x00000000d5580000)
  object space 112128K, 71% used [0x0000000080000000,0x0000000084e218f0,0x0000000086d80000)
 Metaspace       used 70107K, committed 71232K, reserved 1114112K
  class space    used 7366K, committed 7808K, reserved 1048576K
}
Event: 17.887 GC heap after
{Heap after GC invocations=51 (full 6):
 PSYoungGen      total 15360K, used 4066K [0x00000000d5580000, 0x00000000d6b80000, 0x0000000100000000)
  eden space 11264K, 0% used [0x00000000d5580000,0x00000000d5580000,0x00000000d6080000)
  from space 4096K, 99% used [0x00000000d6780000,0x00000000d6b78a70,0x00000000d6b80000)
  to   space 5632K, 0% used [0x00000000d6080000,0x00000000d6080000,0x00000000d6600000)
 ParOldGen       total 112128K, used 80534K [0x0000000080000000, 0x0000000086d80000, 0x00000000d5580000)
  object space 112128K, 71% used [0x0000000080000000,0x0000000084ea58f0,0x0000000086d80000)
 Metaspace       used 70107K, committed 71232K, reserved 1114112K
  class space    used 7366K, committed 7808K, reserved 1048576K
}
Event: 17.975 GC heap before
{Heap before GC invocations=52 (full 6):
 PSYoungGen      total 15360K, used 15315K [0x00000000d5580000, 0x00000000d6b80000, 0x0000000100000000)
  eden space 11264K, 99% used [0x00000000d5580000,0x00000000d607c4d8,0x00000000d6080000)
  from space 4096K, 99% used [0x00000000d6780000,0x00000000d6b78a70,0x00000000d6b80000)
  to   space 5632K, 0% used [0x00000000d6080000,0x00000000d6080000,0x00000000d6600000)
 ParOldGen       total 112128K, used 80534K [0x0000000080000000, 0x0000000086d80000, 0x00000000d5580000)
  object space 112128K, 71% used [0x0000000080000000,0x0000000084ea58f0,0x0000000086d80000)
 Metaspace       used 70245K, committed 71424K, reserved 1114112K
  class space    used 7375K, committed 7872K, reserved 1048576K
}
Event: 17.978 GC heap after
{Heap after GC invocations=52 (full 6):
 PSYoungGen      total 12288K, used 864K [0x00000000d5580000, 0x00000000d6800000, 0x0000000100000000)
  eden space 11264K, 0% used [0x00000000d5580000,0x00000000d5580000,0x00000000d6080000)
  from space 1024K, 84% used [0x00000000d6080000,0x00000000d6158000,0x00000000d6180000)
  to   space 2560K, 0% used [0x00000000d6580000,0x00000000d6580000,0x00000000d6800000)
 ParOldGen       total 112128K, used 81561K [0x0000000080000000, 0x0000000086d80000, 0x00000000d5580000)
  object space 112128K, 72% used [0x0000000080000000,0x0000000084fa6638,0x0000000086d80000)
 Metaspace       used 70245K, committed 71424K, reserved 1114112K
  class space    used 7375K, committed 7872K, reserved 1048576K
}
Event: 18.244 GC heap before
{Heap before GC invocations=53 (full 6):
 PSYoungGen      total 12288K, used 12128K [0x00000000d5580000, 0x00000000d6800000, 0x0000000100000000)
  eden space 11264K, 100% used [0x00000000d5580000,0x00000000d6080000,0x00000000d6080000)
  from space 1024K, 84% used [0x00000000d6080000,0x00000000d6158000,0x00000000d6180000)
  to   space 2560K, 0% used [0x00000000d6580000,0x00000000d6580000,0x00000000d6800000)
 ParOldGen       total 112128K, used 81561K [0x0000000080000000, 0x0000000086d80000, 0x00000000d5580000)
  object space 112128K, 72% used [0x0000000080000000,0x0000000084fa6638,0x0000000086d80000)
 Metaspace       used 70376K, committed 71552K, reserved 1114112K
  class space    used 7391K, committed 7872K, reserved 1048576K
}
Event: 18.246 GC heap after
{Heap after GC invocations=53 (full 6):
 PSYoungGen      total 13312K, used 1872K [0x00000000d5580000, 0x00000000d6780000, 0x0000000100000000)
  eden space 11264K, 0% used [0x00000000d5580000,0x00000000d5580000,0x00000000d6080000)
  from space 2048K, 91% used [0x00000000d6580000,0x00000000d6754030,0x00000000d6780000)
  to   space 2560K, 0% used [0x00000000d6280000,0x00000000d6280000,0x00000000d6500000)
 ParOldGen       total 112128K, used 81569K [0x0000000080000000, 0x0000000086d80000, 0x00000000d5580000)
  object space 112128K, 72% used [0x0000000080000000,0x0000000084fa8638,0x0000000086d80000)
 Metaspace       used 70376K, committed 71552K, reserved 1114112K
  class space    used 7391K, committed 7872K, reserved 1048576K
}

